This is pdfTeX, Version 3.141592653-2.6-1.40.22 (TeX Live 2022/dev/Debian) (preloaded format=pdflatex 2023.2.22)  2 MAR 2023 15:30
entering extended mode
 restricted \write18 enabled.
 file:line:error style messages enabled.
 %&-line parsing enabled.
**/home/work/Documents/Probability-Blitzstein/blitz.tex
(/home/work/Documents/Probability-Blitzstein/blitz.tex
LaTeX2e <2021-11-15> patch level 1
L3 programming layer <2022-01-21> (/usr/share/texlive/texmf-dist/tex/latex/base/book.cls
Document Class: book 2021/10/04 v1.4n Standard LaTeX document class
(/usr/share/texlive/texmf-dist/tex/latex/base/bk12.clo
File: bk12.clo 2021/10/04 v1.4n Standard LaTeX file (size option)
)
\c@part=\count185
\c@chapter=\count186
\c@section=\count187
\c@subsection=\count188
\c@subsubsection=\count189
\c@paragraph=\count190
\c@subparagraph=\count191
\c@figure=\count192
\c@table=\count193
\abovecaptionskip=\skip47
\belowcaptionskip=\skip48
\bibindent=\dimen138
) (/usr/share/texlive/texmf-dist/tex/latex/amsmath/amsmath.sty
Package: amsmath 2021/10/15 v2.17l AMS math features
\@mathmargin=\skip49

For additional information on amsmath, use the `?' option.
(/usr/share/texlive/texmf-dist/tex/latex/amsmath/amstext.sty
Package: amstext 2021/08/26 v2.01 AMS text
 (/usr/share/texlive/texmf-dist/tex/latex/amsmath/amsgen.sty
File: amsgen.sty 1999/11/30 v2.0 generic functions
\@emptytoks=\toks16
\ex@=\dimen139
)) (/usr/share/texlive/texmf-dist/tex/latex/amsmath/amsbsy.sty
Package: amsbsy 1999/11/29 v1.2d Bold Symbols
\pmbraise@=\dimen140
) (/usr/share/texlive/texmf-dist/tex/latex/amsmath/amsopn.sty
Package: amsopn 2021/08/26 v2.02 operator names
)
\inf@bad=\count194
LaTeX Info: Redefining \frac on input line 234.
\uproot@=\count195
\leftroot@=\count196
LaTeX Info: Redefining \overline on input line 399.
\classnum@=\count197
\DOTSCASE@=\count198
LaTeX Info: Redefining \ldots on input line 496.
LaTeX Info: Redefining \dots on input line 499.
LaTeX Info: Redefining \cdots on input line 620.
\Mathstrutbox@=\box50
\strutbox@=\box51
\big@size=\dimen141
LaTeX Font Info:    Redeclaring font encoding OML on input line 743.
LaTeX Font Info:    Redeclaring font encoding OMS on input line 744.
\macc@depth=\count199
\c@MaxMatrixCols=\count266
\dotsspace@=\muskip16
\c@parentequation=\count267
\dspbrk@lvl=\count268
\tag@help=\toks17
\row@=\count269
\column@=\count270
\maxfields@=\count271
\andhelp@=\toks18
\eqnshift@=\dimen142
\alignsep@=\dimen143
\tagshift@=\dimen144
\tagwidth@=\dimen145
\totwidth@=\dimen146
\lineht@=\dimen147
\@envbody=\toks19
\multlinegap=\skip50
\multlinetaggap=\skip51
\mathdisplay@stack=\toks20
LaTeX Info: Redefining \[ on input line 2938.
LaTeX Info: Redefining \] on input line 2939.
) (/usr/share/texlive/texmf-dist/tex/latex/amsfonts/amsfonts.sty
Package: amsfonts 2013/01/14 v3.01 Basic AMSFonts support
\symAMSa=\mathgroup4
\symAMSb=\mathgroup5
LaTeX Font Info:    Redeclaring math symbol \hbar on input line 98.
LaTeX Font Info:    Overwriting math alphabet `\mathfrak' in version `bold'
(Font)                  U/euf/m/n --> U/euf/b/n on input line 106.
) (/usr/share/texlive/texmf-dist/tex/latex/amscls/amsthm.sty
Package: amsthm 2020/05/29 v2.20.6
\thm@style=\toks21
\thm@bodyfont=\toks22
\thm@headfont=\toks23
\thm@notefont=\toks24
\thm@headpunct=\toks25
\thm@preskip=\skip52
\thm@postskip=\skip53
\thm@headsep=\skip54
\dth@everypar=\toks26
) (/usr/share/texlive/texmf-dist/tex/latex/amsfonts/amssymb.sty
Package: amssymb 2013/01/14 v3.01 AMS font symbols
) (/usr/share/texlive/texmf-dist/tex/latex/tools/array.sty
Package: array 2021/10/04 v2.5f Tabular extension package (FMi)
\col@sep=\dimen148
\ar@mcellbox=\box52
\extrarowheight=\dimen149
\NC@list=\toks27
\extratabsurround=\skip55
\backup@length=\skip56
\ar@cellbox=\box53
) (/usr/share/texlive/texmf-dist/tex/generic/xypic/xy.sty (/usr/share/texlive/texmf-dist/tex/generic/xypic/xy.tex Bootstrap'ing: catcodes, docmode, (/usr/share/texlive/texmf-dist/tex/generic/xypic/xyrecat.tex) (/usr/share/texlive/texmf-dist/tex/generic/xypic/xyidioms.tex)

 Xy-pic version 3.8.9 <2013/10/06>
 Copyright (c) 1991-2013 by Kristoffer H. Rose <krisrose@tug.org> and others
 Xy-pic is free software: see the User's Guide for details.

Loading kernel: messages; fonts; allocations: state,
\X@c=\dimen150
\Y@c=\dimen151
\U@c=\dimen152
\D@c=\dimen153
\L@c=\dimen154
\R@c=\dimen155
\Edge@c=\toks28
\X@p=\dimen156
\Y@p=\dimen157
\U@p=\dimen158
\D@p=\dimen159
\L@p=\dimen160
\R@p=\dimen161
\Edge@p=\toks29
\X@origin=\dimen162
\Y@origin=\dimen163
\X@xbase=\dimen164
\Y@xbase=\dimen165
\X@ybase=\dimen166
\Y@ybase=\dimen167
\X@min=\dimen168
\Y@min=\dimen169
\X@max=\dimen170
\Y@max=\dimen171
\lastobjectbox@=\box54
\zerodotbox@=\box55
\almostz@=\dimen172
 direction,
\d@X=\dimen173
\d@Y=\dimen174
\K@=\count272
\KK@=\count273
\Direction=\count274
\K@dXdY=\dimen175
\K@dYdX=\dimen176
\xyread@=\read2
\xywrite@=\write3
\csp@=\count275
\quotPTK@=\dimen177
 utility macros; pictures: \xy, positions,
\swaptoks@@=\toks30
\connectobjectbox@@=\box56
 objects,
\styletoks@=\toks31
 decorations; kernel objects: directionals, circles, text; options; algorithms: directions, edges, connections;  Xy-pic loaded) (/usr/share/texlive/texmf-dist/tex/generic/iftex/ifpdf.sty
Package: ifpdf 2019/10/25 v3.4 ifpdf legacy package. Use iftex instead.
 (/usr/share/texlive/texmf-dist/tex/generic/iftex/iftex.sty
Package: iftex 2020/03/06 v1.0d TeX engine tests
))
Package: xy 2013/10/06 Xy-pic version 3.8.9
 (/usr/share/texlive/texmf-dist/tex/generic/xypic/xytextures.tex  Xy-pic option: Textures driver v.3.7 loaded) (/usr/share/texlive/texmf-dist/tex/generic/xypic/xyall.tex  Xy-pic option: All features v.3.8 (/usr/share/texlive/texmf-dist/tex/generic/xypic/xycurve.tex  Xy-pic option: Curve and Spline extension v.3.12 curve,
\crv@cnt@=\count276
\crvpts@=\toks32
\splinebox@=\box57
\splineval@=\dimen178
\splinedepth@=\dimen179
\splinetol@=\dimen180
\splinelength@=\dimen181
 circles,
\L@=\dimen182
 loaded) (/usr/share/texlive/texmf-dist/tex/generic/xypic/xyframe.tex  Xy-pic option: Frame and Bracket extension v.3.14 loaded) (/usr/share/texlive/texmf-dist/tex/generic/xypic/xycmtip.tex  Xy-pic option: Computer Modern tip extension v.3.7 (/usr/share/texlive/texmf-dist/tex/generic/xypic/xytips.tex  Xy-pic option: More Tips extension v.3.11 loaded) loaded) (/usr/share/texlive/texmf-dist/tex/generic/xypic/xyline.tex  Xy-pic option: Line styles extension v.3.10
\xylinethick@=\dimen183
 loaded) (/usr/share/texlive/texmf-dist/tex/generic/xypic/xyrotate.tex  Xy-pic option: Rotate and Scale extension v.3.8 loaded) (/usr/share/texlive/texmf-dist/tex/generic/xypic/xycolor.tex  Xy-pic option: Colour extension v.3.11 loaded) (/usr/share/texlive/texmf-dist/tex/generic/xypic/xymatrix.tex  Xy-pic option: Matrix feature v.3.14
\Row=\count277
\Col=\count278
\queue@=\toks33
\queue@@=\toks34
\qcount@=\count279
\qcount@@=\count280
\matrixsize@=\count281
 loaded) (/usr/share/texlive/texmf-dist/tex/generic/xypic/xyarrow.tex  Xy-pic option: Arrow and Path feature v.3.9 path, \ar, loaded) (/usr/share/texlive/texmf-dist/tex/generic/xypic/xygraph.tex  Xy-pic option: Graph feature v.3.11 loaded) loaded)) (/usr/share/texlive/texmf-dist/tex/latex/graphics/graphicx.sty
Package: graphicx 2021/09/16 v1.2d Enhanced LaTeX Graphics (DPC,SPQR)
 (/usr/share/texlive/texmf-dist/tex/latex/graphics/keyval.sty
Package: keyval 2014/10/28 v1.15 key=value parser (DPC)
\KV@toks@=\toks35
) (/usr/share/texlive/texmf-dist/tex/latex/graphics/graphics.sty
Package: graphics 2021/03/04 v1.4d Standard LaTeX Graphics (DPC,SPQR)
 (/usr/share/texlive/texmf-dist/tex/latex/graphics/trig.sty
Package: trig 2021/08/11 v1.11 sin cos tan (DPC)
) (/usr/share/texlive/texmf-dist/tex/latex/graphics-cfg/graphics.cfg
File: graphics.cfg 2016/06/04 v1.11 sample graphics configuration
)
Package graphics Info: Driver file: pdftex.def on input line 107.
 (/usr/share/texlive/texmf-dist/tex/latex/graphics-def/pdftex.def
File: pdftex.def 2020/10/05 v1.2a Graphics/color driver for pdftex
))
\Gin@req@height=\dimen184
\Gin@req@width=\dimen185
) (/usr/share/texlive/texmf-dist/tex/latex/base/alltt.sty
Package: alltt 2021/01/29 v2.0g defines alltt environment
) (/usr/share/texlive/texmf-dist/tex/latex/listings/listings.sty
\lst@mode=\count282
\lst@gtempboxa=\box58
\lst@token=\toks36
\lst@length=\count283
\lst@currlwidth=\dimen186
\lst@column=\count284
\lst@pos=\count285
\lst@lostspace=\dimen187
\lst@width=\dimen188
\lst@newlines=\count286
\lst@lineno=\count287
\lst@maxwidth=\dimen189
 (/usr/share/texlive/texmf-dist/tex/latex/listings/lstmisc.sty
File: lstmisc.sty 2020/03/24 1.8d (Carsten Heinz)
\c@lstnumber=\count288
\lst@skipnumbers=\count289
\lst@framebox=\box59
) (/usr/share/texlive/texmf-dist/tex/latex/listings/listings.cfg
File: listings.cfg 2020/03/24 1.8d listings configuration
))
Package: listings 2020/03/24 1.8d (Carsten Heinz)
 (/usr/share/texlive/texmf-dist/tex/latex/float/float.sty
Package: float 2001/11/08 v1.3d Float enhancements (AL)
\c@float@type=\count290
\float@exts=\toks37
\float@box=\box60
\@float@everytoks=\toks38
\@floatcapt=\box61
) (/usr/share/texlive/texmf-dist/tex/latex/tabu/tabu.sty
Package: tabu 2019/01/11 v2.9 - flexible LaTeX tabulars (FC+tabu-fixed) + intermediate FMi
 (/usr/share/texlive/texmf-dist/tex/latex/varwidth/varwidth.sty
Package: varwidth 2009/03/30 ver 0.92;  Variable-width minipages
\@vwid@box=\box62
\sift@deathcycles=\count291
\@vwid@loff=\dimen190
\@vwid@roff=\dimen191
)
\c@taburow=\count292
\tabu@nbcols=\count293
\tabu@cnt=\count294
\tabu@Xcol=\count295
\tabu@alloc=\count296
\tabu@nested=\count297
\tabu@target=\dimen192
\tabu@spreadtarget=\dimen193
\tabu@naturalX=\dimen194
\tabucolX=\dimen195
\tabu@Xsum=\dimen196
\extrarowdepth=\dimen197
\abovetabulinesep=\dimen198
\belowtabulinesep=\dimen199
\tabustrutrule=\dimen256
\tabu@thebody=\toks39
\tabu@footnotes=\toks40
\tabu@box=\box63
\tabu@arstrutbox=\box64
\tabu@hleads=\box65
\tabu@vleads=\box66
\tabu@cellskip=\skip57
) (/usr/share/texlive/texmf-dist/tex/latex/tools/longtable.sty
Package: longtable 2021-09-01 v4.17 Multi-page Table package (DPC)
\LTleft=\skip58
\LTright=\skip59
\LTpre=\skip60
\LTpost=\skip61
\LTchunksize=\count298
\LTcapwidth=\dimen257
\LT@head=\box67
\LT@firsthead=\box68
\LT@foot=\box69
\LT@lastfoot=\box70
\LT@gbox=\box71
\LT@cols=\count299
\LT@rows=\count300
\c@LT@tables=\count301
\c@LT@chunks=\count302
\LT@p@ftn=\toks41
)
\c@theorem=\count303
 (/usr/share/texlive/texmf-dist/tex/latex/l3backend/l3backend-pdftex.def
File: l3backend-pdftex.def 2022-01-12 L3 backend support: PDF output (pdfTeX)
\l__color_backend_stack_int=\count304
\l__pdf_internal_box=\box72
) (./blitz.aux)
\openout1 = `blitz.aux'.

LaTeX Font Info:    Checking defaults for OML/cmm/m/it on input line 39.
LaTeX Font Info:    ... okay on input line 39.
LaTeX Font Info:    Checking defaults for OMS/cmsy/m/n on input line 39.
LaTeX Font Info:    ... okay on input line 39.
LaTeX Font Info:    Checking defaults for OT1/cmr/m/n on input line 39.
LaTeX Font Info:    ... okay on input line 39.
LaTeX Font Info:    Checking defaults for T1/cmr/m/n on input line 39.
LaTeX Font Info:    ... okay on input line 39.
LaTeX Font Info:    Checking defaults for TS1/cmr/m/n on input line 39.
LaTeX Font Info:    ... okay on input line 39.
LaTeX Font Info:    Checking defaults for OMX/cmex/m/n on input line 39.
LaTeX Font Info:    ... okay on input line 39.
LaTeX Font Info:    Checking defaults for U/cmr/m/n on input line 39.
LaTeX Font Info:    ... okay on input line 39.
 (/usr/share/texlive/texmf-dist/tex/generic/xypic/xyps-ps.tex)

Xy-pic Warning: The produced DVI file is NOT PORTABLE [blitz:39]:
 It contains <driver> `Textures' \specials for the `PostScript' extension.

(/usr/share/texlive/texmf-dist/tex/generic/xypic/xyps-c.tex (/usr/share/texlive/texmf-dist/tex/generic/xypic/xyps-s.tex))

Xy-pic Warning: The produced DVI file is NOT PORTABLE [blitz:39]:
 It contains <driver> `Textures' \specials for the `color' extension.

(/usr/share/texlive/texmf-dist/tex/generic/xypic/xyps-r.tex) (/usr/share/texlive/texmf-dist/tex/generic/xypic/xyps-l.tex) (/usr/share/texlive/texmf-dist/tex/generic/xypic/xyps-f.tex) (/usr/share/texlive/texmf-dist/tex/context/base/mkii/supp-pdf.mkii
[Loading MPS to PDF converter (version 2006.09.02).]
\scratchcounter=\count305
\scratchdimen=\dimen258
\scratchbox=\box73
\nofMPsegments=\count306
\nofMParguments=\count307
\everyMPshowfont=\toks42
\MPscratchCnt=\count308
\MPscratchDim=\dimen259
\MPnumerator=\count309
\makeMPintoPDFobject=\count310
\everyMPtoPDFconversion=\toks43
) (/usr/share/texlive/texmf-dist/tex/latex/epstopdf-pkg/epstopdf-base.sty
Package: epstopdf-base 2020-01-24 v2.11 Base part for package epstopdf
Package epstopdf-base Info: Redefining graphics rule for `.eps' on input line 485.
 (/usr/share/texlive/texmf-dist/tex/latex/latexconfig/epstopdf-sys.cfg
File: epstopdf-sys.cfg 2010/07/13 v1.3 Configuration of (r)epstopdf for TeX Live
))
\c@lstlisting=\count311
LaTeX Font Info:    Trying to load font information for U+msa on input line 40.
 (/usr/share/texlive/texmf-dist/tex/latex/amsfonts/umsa.fd
File: umsa.fd 2013/01/14 v3.01 AMS symbols A
)
LaTeX Font Info:    Trying to load font information for U+msb on input line 40.
 (/usr/share/texlive/texmf-dist/tex/latex/amsfonts/umsb.fd
File: umsb.fd 2013/01/14 v3.01 AMS symbols B
) (/usr/share/texlive/texmf-dist/tex/generic/xypic/xyps-pro.tex
LaTeX Info: Active space character found while output routine is active 
            This may be a bug in a package file you are using.
) (/usr/share/texlive/texmf-dist/tex/generic/xypic/xypspatt.tex) (/usr/share/texlive/texmf-dist/tex/generic/xypic/xypsdict.tex) [1
Non-PDF special ignored!
<special> prePostScript /XYdict\protect \begingroup \def \MessageBreak {
  ...
Non-PDF special ignored!
<special> prePostScript /XYdict\protect \begingroup \def \MessageBreak {
  ...
Non-PDF special ignored!
<special> prePostScript \protect \begingroup \def \MessageBreak {
         ...
Non-PDF special ignored!
<special> prePostScript \protect \begingroup \def \MessageBreak {
         ...
Non-PDF special ignored!
<special> prePostScript \protect \begingroup \def \MessageBreak {
         ...
Non-PDF special ignored!
<special> prePostScript \protect \begingroup \def \MessageBreak {
         ...
Non-PDF special ignored!
<special> prePostScript \protect \begingroup \def \MessageBreak {
         ...
Non-PDF special ignored!
<special> prePostScript \protect \begingroup \def \MessageBreak {
         ...
Non-PDF special ignored!
<special> prePostScript \protect \begingroup \def \MessageBreak {
         ...
Non-PDF special ignored!
<special> prePostScript \protect \begingroup \def \MessageBreak {
         ...
Non-PDF special ignored!
<special> prePostScript \protect \begingroup \def \MessageBreak {
         ...
Non-PDF special ignored!
<special> prePostScript \protect \begingroup \def \MessageBreak {
         ...
Non-PDF special ignored!
<special> prePostScript \protect \begingroup \def \MessageBreak {
         ...
Non-PDF special ignored!
<special> prePostScript end\protect \begingroup \def \MessageBreak {
      ...
Non-PDF special ignored!
<special> prePostScript /XYdict\protect \begingroup \def \MessageBreak {
  ...
Non-PDF special ignored!
<special> prePostScript /:patt^^M{XYddict\protect \begingroup \def \MessageBr...
Non-PDF special ignored!
<special> prePostScript /rF{gsave^^M\protect \begingroup \def \MessageBreak {...
Non-PDF special ignored!
<special> prePostScript \protect \begingroup \def \MessageBreak {
         ...
Non-PDF special ignored!
<special> prePostScript /checkland{\protect \begingroup \def \MessageBreak ...
Non-PDF special ignored!
<special> prePostScript \protect \begingroup \def \MessageBreak {
         ...
Non-PDF special ignored!
<special> prePostScript \protect \begingroup \def \MessageBreak {
         ...
Non-PDF special ignored!
<special> prePostScript end\protect \begingroup \def \MessageBreak {
      ...
Non-PDF special ignored!
<special> prePostScript /XYdict\protect \begingroup \def \MessageBreak {
  ...
Non-PDF special ignored!
<special> prePostScript \protect \begingroup \def \MessageBreak {
         ...
Non-PDF special ignored!
<special> prePostScript \protect \begingroup \def \MessageBreak {
         ...
Non-PDF special ignored!
<special> prePostScript \protect \begingroup \def \MessageBreak {
         ...
Non-PDF special ignored!
<special> prePostScript \protect \begingroup \def \MessageBreak {
         ...
Non-PDF special ignored!
<special> prePostScript \protect \begingroup \def \MessageBreak {
         ...
Non-PDF special ignored!
<special> prePostScript \protect \begingroup \def \MessageBreak {
         ...
Non-PDF special ignored!
<special> prePostScript \protect \begingroup \def \MessageBreak {
         ...
Non-PDF special ignored!
<special> prePostScript \protect \begingroup \def \MessageBreak {
         ...
Non-PDF special ignored!
<special> prePostScript \protect \begingroup \def \MessageBreak {
         ...
Non-PDF special ignored!
<special> prePostScript \protect \begingroup \def \MessageBreak {
         ...
Non-PDF special ignored!
<special> prePostScript \protect \begingroup \def \MessageBreak {
         ...
Non-PDF special ignored!
<special> prePostScript \protect \begingroup \def \MessageBreak {
         ...
Non-PDF special ignored!
<special> prePostScript \protect \begingroup \def \MessageBreak {
         ...
Non-PDF special ignored!
<special> prePostScript \protect \begingroup \def \MessageBreak {
         ...
Non-PDF special ignored!
<special> prePostScript \protect \begingroup \def \MessageBreak {
         ...
Non-PDF special ignored!
<special> prePostScript /xy4mul{8\protect \begingroup \def \MessageBreak {
...
Non-PDF special ignored!
<special> prePostScript \protect \begingroup \def \MessageBreak {
         ...
Non-PDF special ignored!
<special> prePostScript \protect \begingroup \def \MessageBreak {
         ...
Non-PDF special ignored!
<special> prePostScript \protect \begingroup \def \MessageBreak {
         ...
Non-PDF special ignored!
<special> prePostScript \protect \begingroup \def \MessageBreak {
         ...
Non-PDF special ignored!
<special> prePostScript \protect \begingroup \def \MessageBreak {
         ...
Non-PDF special ignored!
<special> prePostScript \protect \begingroup \def \MessageBreak {
         ...
Non-PDF special ignored!
<special> prePostScript \protect \begingroup \def \MessageBreak {
         ...
Non-PDF special ignored!
<special> prePostScript /atip{gchksavexy\protect \begingroup \def \MessageB...
Non-PDF special ignored!
<special> prePostScript /cmatip{gchksavexy\protect \begingroup \def \Messag...
Non-PDF special ignored!
<special> prePostScript \protect \begingroup \def \MessageBreak {
         ...
Non-PDF special ignored!
<special> prePostScript \protect \begingroup \def \MessageBreak {
         ...
Non-PDF special ignored!
<special> prePostScript /halfturn{xysegl\protect \begingroup \def \MessageB...
Non-PDF special ignored!
<special> prePostScript \protect \begingroup \def \MessageBreak {
         ...
Non-PDF special ignored!
<special> prePostScript /fullhook{0\protect \begingroup \def \MessageBreak ...
Non-PDF special ignored!
<special> prePostScript /ahook{gchksavexy\protect \begingroup \def \Message...
Non-PDF special ignored!
<special> prePostScript \protect \begingroup \def \MessageBreak {
         ...
Non-PDF special ignored!
<special> prePostScript \protect \begingroup \def \MessageBreak {
         ...
Non-PDF special ignored!
<special> prePostScript \protect \begingroup \def \MessageBreak {
         ...
Non-PDF special ignored!
<special> prePostScript end\protect \begingroup \def \MessageBreak {
      ...


{/var/lib/texmf/fonts/map/pdftex/updmap/pdftex.map}]
Chapter 1.
Xy-pic Warning: The produced DVI file is NOT PORTABLE:
 It contains <driver> `Textures' \specials for the `PostScript' extension.
 It contains <driver> `Textures' \specials for the `color' extension.
[1

] (./blitz.aux) ) 
Here is how much of TeX's memory you used:
 7614 strings out of 480247
 107033 string characters out of 5896151
 791195 words of memory out of 5000000
 25433 multiletter control sequences out of 15000+600000
 480117 words of font info for 73 fonts, out of 8000000 for 9000
 14 hyphenation exceptions out of 8191
 55i,5n,62p,265b,261s stack positions out of 5000i,500n,10000p,200000b,80000s
</usr/share/texlive/texmf-dist/fonts/type1/public/amsfonts/cm/cmbx12.pfb></usr/share/texlive/texmf-dist/fonts/type1/public/amsfonts/cm/cmr12.pfb></usr/share/texlive/texmf-dist/fonts/type1/public/amsfonts/cm/cmr17.pfb></usr/share/texlive/texmf-dist/fonts/type1/public/amsfonts/cm/cmr8.pfb></usr/share/texlive/texmf-dist/fonts/type1/public/amsfonts/cm/cmti12.pfb>
Output written on blitz.pdf (2 pages, 61132 bytes).
PDF statistics:
 36 PDF objects out of 1000 (max. 8388607)
 21 compressed objects within 1 object stream
 0 named destinations out of 1000 (max. 500000)
 1 words of extra memory for PDF output out of 10000 (max. 10000000)

